Replace Part C12 Polarised Capacitor in C:\Users\muco\Desktop\Hardware\Altium\Enviromental_Info_Display\Display-RTC.SchDoc with Polarised Capacitor from Celestial Altium Library - altium_library.DbLib
Replace Part C13 Capacitor in C:\Users\muco\Desktop\Hardware\Altium\Enviromental_Info_Display\Display-RTC.SchDoc with Capacitor from Celestial Altium Library - altium_library.DbLib
Replace Part C14 Capacitor in C:\Users\muco\Desktop\Hardware\Altium\Enviromental_Info_Display\Display-RTC.SchDoc with Capacitor from Celestial Altium Library - altium_library.DbLib
Replace Part C15 Capacitor in C:\Users\muco\Desktop\Hardware\Altium\Enviromental_Info_Display\Display-RTC.SchDoc with Capacitor from Celestial Altium Library - altium_library.DbLib
Replace Part C16 Polarised Capacitor in C:\Users\muco\Desktop\Hardware\Altium\Enviromental_Info_Display\Display-RTC.SchDoc with Polarised Capacitor from Celestial Altium Library - altium_library.DbLib
Replace Part C17 Capacitor in C:\Users\muco\Desktop\Hardware\Altium\Enviromental_Info_Display\Display-RTC.SchDoc with Capacitor from Celestial Altium Library - altium_library.DbLib
Replace Part C18 Capacitor in C:\Users\muco\Desktop\Hardware\Altium\Enviromental_Info_Display\Display-RTC.SchDoc with Capacitor from Celestial Altium Library - altium_library.DbLib
Replace Part C19 Capacitor in C:\Users\muco\Desktop\Hardware\Altium\Enviromental_Info_Display\Display-RTC.SchDoc with Capacitor from Celestial Altium Library - altium_library.DbLib
Replace Part D3 5643BS-1 in C:\Users\muco\Desktop\Hardware\Altium\Enviromental_Info_Display\Display-RTC.SchDoc with 5643BS-1 from MyAltLib.SchLib
Replace Part D4 FYQ-3661AS-11-L7.5 in C:\Users\muco\Desktop\Hardware\Altium\Enviromental_Info_Display\Display-RTC.SchDoc with FYQ-3661AS-11-L7.5 from MyAltLib.SchLib
Replace Part J3 796136-1 in C:\Users\muco\Desktop\Hardware\Altium\Enviromental_Info_Display\Display-RTC.SchDoc with 796136-1 from MyAltLib.SchLib
Replace Part R6 Resistor in C:\Users\muco\Desktop\Hardware\Altium\Enviromental_Info_Display\Display-RTC.SchDoc with Resistor from Celestial Altium Library - altium_library.DbLib
Replace Part R7 Resistor in C:\Users\muco\Desktop\Hardware\Altium\Enviromental_Info_Display\Display-RTC.SchDoc with Resistor from Celestial Altium Library - altium_library.DbLib
Replace Part R8 Resistor in C:\Users\muco\Desktop\Hardware\Altium\Enviromental_Info_Display\Display-RTC.SchDoc with Resistor from Celestial Altium Library - altium_library.DbLib
Replace Part R9 Resistor in C:\Users\muco\Desktop\Hardware\Altium\Enviromental_Info_Display\Display-RTC.SchDoc with Resistor from Celestial Altium Library - altium_library.DbLib
Replace Part R10 Resistor in C:\Users\muco\Desktop\Hardware\Altium\Enviromental_Info_Display\Display-RTC.SchDoc with Resistor from Celestial Altium Library - altium_library.DbLib
Replace Part R11 Resistor in C:\Users\muco\Desktop\Hardware\Altium\Enviromental_Info_Display\Display-RTC.SchDoc with Resistor from Celestial Altium Library - altium_library.DbLib
Replace Part R12 Resistor in C:\Users\muco\Desktop\Hardware\Altium\Enviromental_Info_Display\Display-RTC.SchDoc with Resistor from Celestial Altium Library - altium_library.DbLib
Replace Part S3 FSM8JH in C:\Users\muco\Desktop\Hardware\Altium\Enviromental_Info_Display\Display-RTC.SchDoc with FSM8JH from MyAltLib.SchLib
Replace Part S4 FSM8JH in C:\Users\muco\Desktop\Hardware\Altium\Enviromental_Info_Display\Display-RTC.SchDoc with FSM8JH from MyAltLib.SchLib
Replace Part S5 FSM8JH in C:\Users\muco\Desktop\Hardware\Altium\Enviromental_Info_Display\Display-RTC.SchDoc with FSM8JH from MyAltLib.SchLib
Replace Part U3 DS3231S in C:\Users\muco\Desktop\Hardware\Altium\Enviromental_Info_Display\Display-RTC.SchDoc with DS3231S from MyAltLib.SchLib
Replace Part U4 TM1637 in C:\Users\muco\Desktop\Hardware\Altium\Enviromental_Info_Display\Display-RTC.SchDoc with TM1637 from MyAltLib.SchLib
Replace Part U5 DHT11 in C:\Users\muco\Desktop\Hardware\Altium\Enviromental_Info_Display\Display-RTC.SchDoc with DHT11 from MyAltLib.SchLib
Replace Part U5 TM1637 in C:\Users\muco\Desktop\Hardware\Altium\Enviromental_Info_Display\Display-RTC.SchDoc with TM1637 from MyAltLib.SchLib
