Replace Part C1 Capacitor in C:\Users\muco\Desktop\Hardware\Altium\Enviromental_Info_Display\Power-MCU.SchDoc with Capacitor from Celestial Altium Library - altium_library.DbLib
Replace Part C2 Capacitor in C:\Users\muco\Desktop\Hardware\Altium\Enviromental_Info_Display\Power-MCU.SchDoc with Capacitor from Celestial Altium Library - altium_library.DbLib
Replace Part C3 Capacitor in C:\Users\muco\Desktop\Hardware\Altium\Enviromental_Info_Display\Power-MCU.SchDoc with Capacitor from Celestial Altium Library - altium_library.DbLib
Replace Part C4 Polarised Capacitor in C:\Users\muco\Desktop\Hardware\Altium\Enviromental_Info_Display\Power-MCU.SchDoc with Polarised Capacitor from Celestial Altium Library - altium_library.DbLib
Replace Part C5 Polarised Capacitor in C:\Users\muco\Desktop\Hardware\Altium\Enviromental_Info_Display\Power-MCU.SchDoc with Polarised Capacitor from Celestial Altium Library - altium_library.DbLib
Replace Part C6 Capacitor in C:\Users\muco\Desktop\Hardware\Altium\Enviromental_Info_Display\Power-MCU.SchDoc with Capacitor from Celestial Altium Library - altium_library.DbLib
Replace Part C7 Capacitor in C:\Users\muco\Desktop\Hardware\Altium\Enviromental_Info_Display\Power-MCU.SchDoc with Capacitor from Celestial Altium Library - altium_library.DbLib
Replace Part C8 Capacitor in C:\Users\muco\Desktop\Hardware\Altium\Enviromental_Info_Display\Power-MCU.SchDoc with Capacitor from Celestial Altium Library - altium_library.DbLib
Replace Part C9 Capacitor in C:\Users\muco\Desktop\Hardware\Altium\Enviromental_Info_Display\Power-MCU.SchDoc with Capacitor from Celestial Altium Library - altium_library.DbLib
Replace Part C10 Capacitor in C:\Users\muco\Desktop\Hardware\Altium\Enviromental_Info_Display\Power-MCU.SchDoc with Capacitor from Celestial Altium Library - altium_library.DbLib
Replace Part C11 Capacitor in C:\Users\muco\Desktop\Hardware\Altium\Enviromental_Info_Display\Power-MCU.SchDoc with Capacitor from Celestial Altium Library - altium_library.DbLib
Replace Part D1 LED in C:\Users\muco\Desktop\Hardware\Altium\Enviromental_Info_Display\Power-MCU.SchDoc with LED from Celestial Altium Library - altium_library.DbLib
Replace Part D2 LED in C:\Users\muco\Desktop\Hardware\Altium\Enviromental_Info_Display\Power-MCU.SchDoc with LED from Celestial Altium Library - altium_library.DbLib
Replace Part J1 2 Pin in C:\Users\muco\Desktop\Hardware\Altium\Enviromental_Info_Display\Power-MCU.SchDoc with 2 Pin from Celestial Altium Library - altium_library.DbLib
Replace Part J2 4 Pin in C:\Users\muco\Desktop\Hardware\Altium\Enviromental_Info_Display\Power-MCU.SchDoc with 4 Pin from Celestial Altium Library - altium_library.DbLib
Replace Part R1 Resistor in C:\Users\muco\Desktop\Hardware\Altium\Enviromental_Info_Display\Power-MCU.SchDoc with Resistor from Celestial Altium Library - altium_library.DbLib
Replace Part R2 Resistor in C:\Users\muco\Desktop\Hardware\Altium\Enviromental_Info_Display\Power-MCU.SchDoc with Resistor from Celestial Altium Library - altium_library.DbLib
Replace Part R3 Resistor in C:\Users\muco\Desktop\Hardware\Altium\Enviromental_Info_Display\Power-MCU.SchDoc with Resistor from Celestial Altium Library - altium_library.DbLib
Replace Part R4 Resistor in C:\Users\muco\Desktop\Hardware\Altium\Enviromental_Info_Display\Power-MCU.SchDoc with Resistor from Celestial Altium Library - altium_library.DbLib
Replace Part R5 Resistor in C:\Users\muco\Desktop\Hardware\Altium\Enviromental_Info_Display\Power-MCU.SchDoc with Resistor from Celestial Altium Library - altium_library.DbLib
Replace Part S1 FSM8JH in C:\Users\muco\Desktop\Hardware\Altium\Enviromental_Info_Display\Power-MCU.SchDoc with FSM8JH from MyAltLib.SchLib
Replace Part S2 FSM8JH in C:\Users\muco\Desktop\Hardware\Altium\Enviromental_Info_Display\Power-MCU.SchDoc with FSM8JH from MyAltLib.SchLib
Replace Part U1 STM32F401RET7 in C:\Users\muco\Desktop\Hardware\Altium\Enviromental_Info_Display\Power-MCU.SchDoc with STM32F401RET7 from MyAltLib.SchLib
Replace Part U2 LM1117IDTX-3.3 in C:\Users\muco\Desktop\Hardware\Altium\Enviromental_Info_Display\Power-MCU.SchDoc with LM1117IDTX-3.3 from MyAltLib.SchLib
Replace Part Y1 ABM3B-8.000MHZ-D2Y-T in C:\Users\muco\Desktop\Hardware\Altium\Enviromental_Info_Display\Power-MCU.SchDoc with ABM3B-8.000MHZ-D2Y-T from MyAltLib.SchLib
