Change Component Parameter Comment in C1 Old= New==Value
Change Component Parameter Comment in C2 Old= New==Value
Change Component Parameter Comment in C3 Old= New==Value
Change Component Parameter Comment in C4 Old= New==Value
Change Component Parameter Comment in C5 Old= New==Value
Change Value of Parameter Value in Part C5 Old=10 µF New=
Change Component Parameter Comment in C6 Old= New==Value
Change Component Parameter Comment in C7 Old= New==Value
Change Component Parameter Comment in C8 Old= New==Value
Change Component Parameter Comment in C9 Old= New==Value
Change Component Parameter Comment in C10 Old= New==Value
Change Component Parameter Comment in C11 Old= New==Value
Change Component Parameter Comment in D1 Old= New==Value
Change Component Parameter Comment in D2 Old= New==Value
Change Component Parameter Comment in J1 Old= New==Part Number
Change Component Parameter Comment in J2 Old= New==Part Number
Change Component Parameter Comment in R1 Old= New==Value
Change Component Parameter Comment in R2 Old= New==Value
Change Component Parameter Comment in R3 Old= New==Value
Change Component Parameter Comment in R4 Old= New==Value
Change Component Parameter Comment in R5 Old= New==Value
